[2026-05-02T08:06:17.991Z] {"timestamp":1777709176286,"kind":"scroll","url":"http://localhost:3000/","viewport":{"width":1745,"height":866},"payload":{"scrollX":0,"scrollY":0.9090908765792847,"documentHeight":3994,"viewportHeight":866}}
[2026-05-02T08:06:17.991Z] {"timestamp":1777709176792,"kind":"scroll","url":"http://localhost:3000/","viewport":{"width":1745,"height":866},"payload":{"scrollX":0,"scrollY":507.272705078125,"documentHeight":3994,"viewportHeight":866}}
[2026-05-02T08:06:17.991Z] {"timestamp":1777709177293,"kind":"scroll","url":"http://localhost:3000/","viewport":{"width":1745,"height":866},"payload":{"scrollX":0,"scrollY":1.8181817531585693,"documentHeight":3994,"viewportHeight":866}}
[2026-05-02T08:06:19.991Z] {"timestamp":1777709178095,"kind":"scroll","url":"http://localhost:3000/","viewport":{"width":1745,"height":866},"payload":{"scrollX":0,"scrollY":0.9090908765792847,"documentHeight":3994,"viewportHeight":866}}
[2026-05-02T08:06:19.991Z] {"timestamp":1777709178628,"kind":"scroll","url":"http://localhost:3000/","viewport":{"width":1745,"height":866},"payload":{"scrollX":0,"scrollY":90,"documentHeight":3994,"viewportHeight":866}}
[2026-05-02T08:06:21.988Z] {"timestamp":1777709180023,"kind":"scroll","url":"http://localhost:3000/","viewport":{"width":1745,"height":866},"payload":{"scrollX":0,"scrollY":1.8181817531585693,"documentHeight":3994,"viewportHeight":866}}
[2026-05-02T08:06:21.988Z] {"timestamp":1777709180774,"kind":"scroll","url":"http://localhost:3000/","viewport":{"width":1745,"height":866},"payload":{"scrollX":0,"scrollY":271.81817626953125,"documentHeight":3994,"viewportHeight":866}}
[2026-05-02T08:06:23.981Z] {"timestamp":1777709183528,"kind":"scroll","url":"http://localhost:3000/","viewport":{"width":1745,"height":866},"payload":{"scrollX":0,"scrollY":0.9090908765792847,"documentHeight":3994,"viewportHeight":866}}
[2026-05-02T08:06:25.979Z] {"timestamp":1777709184034,"kind":"scroll","url":"http://localhost:3000/","viewport":{"width":1745,"height":866},"payload":{"scrollX":0,"scrollY":649.0908813476562,"documentHeight":3994,"viewportHeight":866}}
[2026-05-02T08:06:25.979Z] {"timestamp":1777709184868,"kind":"scroll","url":"http://localhost:3000/","viewport":{"width":1745,"height":866},"payload":{"scrollX":0,"scrollY":1187.272705078125,"documentHeight":3994,"viewportHeight":866}}
[2026-05-02T08:06:29.986Z] {"timestamp":1777709188257,"kind":"scroll","url":"http://localhost:3000/","viewport":{"width":1745,"height":866},"payload":{"scrollX":0,"scrollY":1728.1817626953125,"documentHeight":3994,"viewportHeight":866}}
[2026-05-02T08:06:29.986Z] {"timestamp":1777709189068,"kind":"scroll","url":"http://localhost:3000/","viewport":{"width":1745,"height":866},"payload":{"scrollX":0,"scrollY":2094.54541015625,"documentHeight":3994,"viewportHeight":866}}
[2026-05-02T08:06:29.986Z] {"timestamp":1777709189568,"kind":"scroll","url":"http://localhost:3000/","viewport":{"width":1745,"height":866},"payload":{"scrollX":0,"scrollY":2742.727294921875,"documentHeight":3994,"viewportHeight":866}}
[2026-05-02T08:06:31.979Z] {"timestamp":1777709190074,"kind":"scroll","url":"http://localhost:3000/","viewport":{"width":1745,"height":866},"payload":{"scrollX":0,"scrollY":2622.727294921875,"documentHeight":3994,"viewportHeight":866}}
[2026-05-02T08:06:31.979Z] {"timestamp":1777709190586,"kind":"scroll","url":"http://localhost:3000/","viewport":{"width":1745,"height":866},"payload":{"scrollX":0,"scrollY":2090,"documentHeight":3994,"viewportHeight":866}}
[2026-05-02T08:06:31.979Z] {"timestamp":1777709191136,"kind":"scroll","url":"http://localhost:3000/","viewport":{"width":1745,"height":866},"payload":{"scrollX":0,"scrollY":1125.4544677734375,"documentHeight":3994,"viewportHeight":866}}
[2026-05-02T08:06:31.979Z] {"timestamp":1777709191711,"kind":"scroll","url":"http://localhost:3000/","viewport":{"width":1745,"height":866},"payload":{"scrollX":0,"scrollY":126.36363220214844,"documentHeight":3994,"viewportHeight":866}}
[2026-05-02T08:06:34.949Z] {"timestamp":1777709194843,"kind":"focusin","url":"http://localhost:3000/","viewport":{"width":1745,"height":866},"payload":{"target":{"tag":"a","id":null,"name":null,"type":null,"role":null,"ariaLabel":null,"testId":null,"dataLoc":"client\\src\\pages\\Home.tsx:98","href":"/services","text":"Services","selectorHint":"[data-loc=\"client\\src\\pages\\Home.tsx:98\"]"}}}
[2026-05-02T08:06:34.949Z] {"timestamp":1777709194927,"kind":"click","url":"http://localhost:3000/","viewport":{"width":1745,"height":866},"payload":{"target":{"tag":"a","id":null,"name":null,"type":null,"role":null,"ariaLabel":null,"testId":null,"dataLoc":"client\\src\\pages\\Home.tsx:98","href":"/services","text":"Services","selectorHint":"[data-loc=\"client\\src\\pages\\Home.tsx:98\"]"},"x":877,"y":40}}
[2026-05-02T08:06:37.123Z] {"timestamp":1777709196410,"kind":"scroll","url":"http://localhost:3000/services","viewport":{"width":1745,"height":866},"payload":{"scrollX":0,"scrollY":1.8181817531585693,"documentHeight":4985,"viewportHeight":866}}
[2026-05-02T08:06:37.123Z] {"timestamp":1777709197010,"kind":"scroll","url":"http://localhost:3000/services","viewport":{"width":1745,"height":866},"payload":{"scrollX":0,"scrollY":455.45452880859375,"documentHeight":4985,"viewportHeight":866}}
[2026-05-02T08:06:39.120Z] {"timestamp":1777709197633,"kind":"scroll","url":"http://localhost:3000/services","viewport":{"width":1745,"height":866},"payload":{"scrollX":0,"scrollY":817.272705078125,"documentHeight":4985,"viewportHeight":866}}
[2026-05-02T08:06:39.120Z] {"timestamp":1777709198134,"kind":"scroll","url":"http://localhost:3000/services","viewport":{"width":1745,"height":866},"payload":{"scrollX":0,"scrollY":7.272727012634277,"documentHeight":4985,"viewportHeight":866}}
[2026-05-02T08:06:40.668Z] {"timestamp":1777709199163,"kind":"scroll","url":"http://localhost:3000/services","viewport":{"width":1745,"height":866},"payload":{"scrollX":0,"scrollY":1.8181817531585693,"documentHeight":4985,"viewportHeight":866}}
[2026-05-02T08:06:40.668Z] {"timestamp":1777709199687,"kind":"scroll","url":"http://localhost:3000/services","viewport":{"width":1745,"height":866},"payload":{"scrollX":0,"scrollY":544.5454711914062,"documentHeight":4985,"viewportHeight":866}}
[2026-05-02T08:06:40.668Z] {"timestamp":1777709200203,"kind":"scroll","url":"http://localhost:3000/services","viewport":{"width":1745,"height":866},"payload":{"scrollX":0,"scrollY":8.181818008422852,"documentHeight":4985,"viewportHeight":866}}
[2026-05-02T08:06:40.668Z] {"timestamp":1777709200576,"kind":"focusin","url":"http://localhost:3000/services","viewport":{"width":1745,"height":866},"payload":{"target":{"tag":"a","id":null,"name":null,"type":null,"role":null,"ariaLabel":null,"testId":null,"dataLoc":"client\\src\\pages\\Services.tsx:98","href":"/projects","text":"Projects","selectorHint":"[data-loc=\"client\\src\\pages\\Services.tsx:98\"]"}}}
[2026-05-02T08:06:40.668Z] {"timestamp":1777709200662,"kind":"click","url":"http://localhost:3000/services","viewport":{"width":1745,"height":866},"payload":{"target":{"tag":"a","id":null,"name":null,"type":null,"role":null,"ariaLabel":null,"testId":null,"dataLoc":"client\\src\\pages\\Services.tsx:98","href":"/projects","text":"Projects","selectorHint":"[data-loc=\"client\\src\\pages\\Services.tsx:98\"]"},"x":947,"y":40}}
[2026-05-02T08:07:18.867Z] {"timestamp":1777709237908,"kind":"scroll","url":"http://localhost:3000/projects","viewport":{"width":1745,"height":866},"payload":{"scrollX":0,"scrollY":0.9090908765792847,"documentHeight":2332,"viewportHeight":866}}
[2026-05-02T08:07:18.867Z] {"timestamp":1777709238414,"kind":"scroll","url":"http://localhost:3000/projects","viewport":{"width":1745,"height":866},"payload":{"scrollX":0,"scrollY":426.3636169433594,"documentHeight":2332,"viewportHeight":866}}
[2026-05-02T08:07:20.866Z] {"timestamp":1777709238914,"kind":"scroll","url":"http://localhost:3000/projects","viewport":{"width":1745,"height":866},"payload":{"scrollX":0,"scrollY":633.6363525390625,"documentHeight":2332,"viewportHeight":866}}
[2026-05-02T08:07:20.866Z] {"timestamp":1777709240144,"kind":"scroll","url":"http://localhost:3000/projects","viewport":{"width":1745,"height":866},"payload":{"scrollX":0,"scrollY":1180.9090576171875,"documentHeight":2332,"viewportHeight":866}}
[2026-05-02T08:07:30.864Z] {"timestamp":1777709249428,"kind":"scroll","url":"http://localhost:3000/projects","viewport":{"width":1745,"height":866},"payload":{"scrollX":0,"scrollY":908.1818237304688,"documentHeight":2332,"viewportHeight":866}}
[2026-05-02T08:07:30.864Z] {"timestamp":1777709250195,"kind":"scroll","url":"http://localhost:3000/projects","viewport":{"width":1745,"height":866},"payload":{"scrollX":0,"scrollY":726.3636474609375,"documentHeight":2332,"viewportHeight":866}}
[2026-05-02T08:07:30.864Z] {"timestamp":1777709250807,"kind":"scroll","url":"http://localhost:3000/projects","viewport":{"width":1745,"height":866},"payload":{"scrollX":0,"scrollY":544.5454711914062,"documentHeight":2332,"viewportHeight":866}}
[2026-05-02T08:07:36.867Z] {"timestamp":1777709255512,"kind":"scroll","url":"http://localhost:3000/projects","viewport":{"width":1745,"height":866},"payload":{"scrollX":0,"scrollY":361.81817626953125,"documentHeight":2332,"viewportHeight":866}}
[2026-05-02T08:07:36.867Z] {"timestamp":1777709256568,"kind":"focusin","url":"http://localhost:3000/projects","viewport":{"width":1745,"height":866},"payload":{"target":{"tag":"button","id":null,"name":null,"type":null,"role":null,"ariaLabel":null,"testId":null,"dataLoc":"client\\src\\pages\\Projects.tsx:103","href":null,"text":"Residential","selectorHint":"[data-loc=\"client\\src\\pages\\Projects.tsx:103\"]"}}}
[2026-05-02T08:07:36.867Z] {"timestamp":1777709256663,"kind":"click","url":"http://localhost:3000/projects","viewport":{"width":1745,"height":866},"payload":{"target":{"tag":"button","id":null,"name":null,"type":null,"role":null,"ariaLabel":null,"testId":null,"dataLoc":"client\\src\\pages\\Projects.tsx:103","href":null,"text":"Residential","selectorHint":"[data-loc=\"client\\src\\pages\\Projects.tsx:103\"]"},"x":482,"y":526}}
[2026-05-02T08:07:38.868Z] {"timestamp":1777709257046,"kind":"scroll","url":"http://localhost:3000/projects","viewport":{"width":1745,"height":866},"payload":{"scrollX":0,"scrollY":0.9090908765792847,"documentHeight":1867,"viewportHeight":866}}
[2026-05-02T08:07:40.861Z] {"timestamp":1777709259016,"kind":"focusout","url":"http://localhost:3000/projects","viewport":{"width":1745,"height":866},"payload":{"target":{"tag":"button","id":null,"name":null,"type":null,"role":null,"ariaLabel":null,"testId":null,"dataLoc":"client\\src\\pages\\Projects.tsx:103","href":null,"text":"Residential","selectorHint":"[data-loc=\"client\\src\\pages\\Projects.tsx:103\"]"},"value":null}}
[2026-05-02T08:07:40.861Z] {"timestamp":1777709259017,"kind":"focusin","url":"http://localhost:3000/projects","viewport":{"width":1745,"height":866},"payload":{"target":{"tag":"button","id":null,"name":null,"type":null,"role":null,"ariaLabel":null,"testId":null,"dataLoc":"client\\src\\pages\\Projects.tsx:103","href":null,"text":"Commercial","selectorHint":"[data-loc=\"client\\src\\pages\\Projects.tsx:103\"]"}}}
[2026-05-02T08:07:40.861Z] {"timestamp":1777709259102,"kind":"click","url":"http://localhost:3000/projects","viewport":{"width":1745,"height":866},"payload":{"target":{"tag":"button","id":null,"name":null,"type":null,"role":null,"ariaLabel":null,"testId":null,"dataLoc":"client\\src\\pages\\Projects.tsx:103","href":null,"text":"Commercial","selectorHint":"[data-loc=\"client\\src\\pages\\Projects.tsx:103\"]"},"x":648,"y":161}}
[2026-05-02T08:07:40.861Z] {"timestamp":1777709259867,"kind":"scroll","url":"http://localhost:3000/projects","viewport":{"width":1745,"height":866},"payload":{"scrollX":0,"scrollY":364.5454406738281,"documentHeight":1867,"viewportHeight":866}}
[2026-05-02T08:07:40.861Z] {"timestamp":1777709260373,"kind":"scroll","url":"http://localhost:3000/projects","viewport":{"width":1745,"height":866},"payload":{"scrollX":0,"scrollY":624.5454711914062,"documentHeight":1867,"viewportHeight":866}}
[2026-05-02T08:07:42.870Z] {"timestamp":1777709261893,"kind":"scroll","url":"http://localhost:3000/projects","viewport":{"width":1745,"height":866},"payload":{"scrollX":0,"scrollY":544.5454711914062,"documentHeight":1867,"viewportHeight":866}}
[2026-05-02T08:07:42.870Z] {"timestamp":1777709262767,"kind":"focusout","url":"http://localhost:3000/projects","viewport":{"width":1745,"height":866},"payload":{"target":{"tag":"button","id":null,"name":null,"type":null,"role":null,"ariaLabel":null,"testId":null,"dataLoc":"client\\src\\pages\\Projects.tsx:103","href":null,"text":"Commercial","selectorHint":"[data-loc=\"client\\src\\pages\\Projects.tsx:103\"]"},"value":null}}
[2026-05-02T08:07:42.870Z] {"timestamp":1777709262767,"kind":"focusin","url":"http://localhost:3000/projects","viewport":{"width":1745,"height":866},"payload":{"target":{"tag":"button","id":null,"name":null,"type":null,"role":null,"ariaLabel":null,"testId":null,"dataLoc":"client\\src\\pages\\Projects.tsx:103","href":null,"text":"Infrastructure","selectorHint":"[data-loc=\"client\\src\\pages\\Projects.tsx:103\"]"}}}
[2026-05-02T08:07:42.870Z] {"timestamp":1777709262854,"kind":"click","url":"http://localhost:3000/projects","viewport":{"width":1745,"height":866},"payload":{"target":{"tag":"button","id":null,"name":null,"type":null,"role":null,"ariaLabel":null,"testId":null,"dataLoc":"client\\src\\pages\\Projects.tsx:103","href":null,"text":"Infrastructure","selectorHint":"[data-loc=\"client\\src\\pages\\Projects.tsx:103\"]"},"x":784,"y":340}}
[2026-05-02T08:07:44.865Z] {"timestamp":1777709263270,"kind":"scroll","url":"http://localhost:3000/projects","viewport":{"width":1745,"height":866},"payload":{"scrollX":0,"scrollY":182.72726440429688,"documentHeight":1867,"viewportHeight":866}}
[2026-05-02T08:07:44.865Z] {"timestamp":1777709263861,"kind":"scroll","url":"http://localhost:3000/projects","viewport":{"width":1745,"height":866},"payload":{"scrollX":0,"scrollY":544.5454711914062,"documentHeight":1867,"viewportHeight":866}}
[2026-05-02T08:07:44.865Z] {"timestamp":1777709264496,"kind":"scroll","url":"http://localhost:3000/projects","viewport":{"width":1745,"height":866},"payload":{"scrollX":0,"scrollY":362.7272644042969,"documentHeight":1867,"viewportHeight":866}}
[2026-05-02T08:07:46.863Z] {"timestamp":1777709265295,"kind":"focusout","url":"http://localhost:3000/projects","viewport":{"width":1745,"height":866},"payload":{"target":{"tag":"button","id":null,"name":null,"type":null,"role":null,"ariaLabel":null,"testId":null,"dataLoc":"client\\src\\pages\\Projects.tsx:103","href":null,"text":"Infrastructure","selectorHint":"[data-loc=\"client\\src\\pages\\Projects.tsx:103\"]"},"value":null}}
[2026-05-02T08:07:46.863Z] {"timestamp":1777709265296,"kind":"focusin","url":"http://localhost:3000/projects","viewport":{"width":1745,"height":866},"payload":{"target":{"tag":"button","id":null,"name":null,"type":null,"role":null,"ariaLabel":null,"testId":null,"dataLoc":"client\\src\\pages\\Projects.tsx:103","href":null,"text":"Water & Sewer","selectorHint":"[data-loc=\"client\\src\\pages\\Projects.tsx:103\"]"}}}
[2026-05-02T08:07:46.863Z] {"timestamp":1777709265350,"kind":"click","url":"http://localhost:3000/projects","viewport":{"width":1745,"height":866},"payload":{"target":{"tag":"button","id":null,"name":null,"type":null,"role":null,"ariaLabel":null,"testId":null,"dataLoc":"client\\src\\pages\\Projects.tsx:103","href":null,"text":"Water & Sewer","selectorHint":"[data-loc=\"client\\src\\pages\\Projects.tsx:103\"]"},"x":939,"y":339}}
[2026-05-02T08:07:46.863Z] {"timestamp":1777709265763,"kind":"scroll","url":"http://localhost:3000/projects","viewport":{"width":1745,"height":866},"payload":{"scrollX":0,"scrollY":182.72726440429688,"documentHeight":1558,"viewportHeight":866}}
[2026-05-02T08:07:46.863Z] {"timestamp":1777709266358,"kind":"scroll","url":"http://localhost:3000/projects","viewport":{"width":1745,"height":866},"payload":{"scrollX":0,"scrollY":453.6363525390625,"documentHeight":1558,"viewportHeight":866}}
[2026-05-02T08:07:48.863Z] {"timestamp":1777709266947,"kind":"scroll","url":"http://localhost:3000/projects","viewport":{"width":1745,"height":866},"payload":{"scrollX":0,"scrollY":91.81817626953125,"documentHeight":1558,"viewportHeight":866}}
[2026-05-02T08:07:48.863Z] {"timestamp":1777709267509,"kind":"scroll","url":"http://localhost:3000/projects","viewport":{"width":1745,"height":866},"payload":{"scrollX":0,"scrollY":635.4545288085938,"documentHeight":1558,"viewportHeight":866}}
[2026-05-02T08:07:48.863Z] {"timestamp":1777709268015,"kind":"scroll","url":"http://localhost:3000/projects","viewport":{"width":1745,"height":866},"payload":{"scrollX":0,"scrollY":400,"documentHeight":1558,"viewportHeight":866}}
[2026-05-02T08:08:02.862Z] {"timestamp":1777709281164,"kind":"scroll","url":"http://localhost:3000/projects","viewport":{"width":1745,"height":866},"payload":{"scrollX":0,"scrollY":690.9090576171875,"documentHeight":1558,"viewportHeight":866}}
[2026-05-02T08:08:02.862Z] {"timestamp":1777709281665,"kind":"scroll","url":"http://localhost:3000/projects","viewport":{"width":1745,"height":866},"payload":{"scrollX":0,"scrollY":230,"documentHeight":1558,"viewportHeight":866}}
[2026-05-02T08:08:04.301Z] {"timestamp":1777709284183,"kind":"focusout","url":"http://localhost:3000/projects","viewport":{"width":1745,"height":866},"payload":{"target":{"tag":"button","id":null,"name":null,"type":null,"role":null,"ariaLabel":null,"testId":null,"dataLoc":"client\\src\\pages\\Projects.tsx:103","href":null,"text":"Water & Sewer","selectorHint":"[data-loc=\"client\\src\\pages\\Projects.tsx:103\"]"},"value":null}}
[2026-05-02T08:08:04.301Z] {"timestamp":1777709284184,"kind":"focusin","url":"http://localhost:3000/projects","viewport":{"width":1745,"height":866},"payload":{"target":{"tag":"a","id":null,"name":null,"type":null,"role":null,"ariaLabel":null,"testId":null,"dataLoc":"client\\src\\pages\\Projects.tsx:74","href":"/","text":"Home","selectorHint":"[data-loc=\"client\\src\\pages\\Projects.tsx:74\"]"}}}
[2026-05-02T08:08:04.301Z] {"timestamp":1777709284286,"kind":"click","url":"http://localhost:3000/projects","viewport":{"width":1745,"height":866},"payload":{"target":{"tag":"a","id":null,"name":null,"type":null,"role":null,"ariaLabel":null,"testId":null,"dataLoc":"client\\src\\pages\\Projects.tsx:74","href":"/","text":"Home","selectorHint":"[data-loc=\"client\\src\\pages\\Projects.tsx:74\"]"},"x":765,"y":39}}
[2026-05-02T08:21:58.433Z] {"timestamp":1777710117371,"kind":"scroll","url":"http://localhost:3000/","viewport":{"width":1745,"height":866},"payload":{"scrollX":0,"scrollY":0.9090908765792847,"documentHeight":3994,"viewportHeight":866}}
[2026-05-02T08:21:58.433Z] {"timestamp":1777710117948,"kind":"scroll","url":"http://localhost:3000/","viewport":{"width":1745,"height":866},"payload":{"scrollX":0,"scrollY":544.5454711914062,"documentHeight":3994,"viewportHeight":866}}
[2026-05-02T08:22:00.426Z] {"timestamp":1777710119990,"kind":"scroll","url":"http://localhost:3000/","viewport":{"width":1745,"height":866},"payload":{"scrollX":0,"scrollY":0.9090908765792847,"documentHeight":3994,"viewportHeight":866}}
[2026-05-02T08:22:02.425Z] {"timestamp":1777710120491,"kind":"scroll","url":"http://localhost:3000/","viewport":{"width":1745,"height":866},"payload":{"scrollX":0,"scrollY":482.7272644042969,"documentHeight":3994,"viewportHeight":866}}
[2026-05-02T08:22:02.425Z] {"timestamp":1777710121119,"kind":"scroll","url":"http://localhost:3000/","viewport":{"width":1745,"height":866},"payload":{"scrollX":0,"scrollY":728.1818237304688,"documentHeight":3994,"viewportHeight":866}}
[2026-05-02T08:22:02.425Z] {"timestamp":1777710121692,"kind":"scroll","url":"http://localhost:3000/","viewport":{"width":1745,"height":866},"payload":{"scrollX":0,"scrollY":1271.818115234375,"documentHeight":3994,"viewportHeight":866}}
[2026-05-02T08:22:04.428Z] {"timestamp":1777710122989,"kind":"scroll","url":"http://localhost:3000/","viewport":{"width":1745,"height":866},"payload":{"scrollX":0,"scrollY":1000.9090576171875,"documentHeight":3994,"viewportHeight":866}}
[2026-05-02T08:22:04.428Z] {"timestamp":1777710123578,"kind":"scroll","url":"http://localhost:3000/","viewport":{"width":1745,"height":866},"payload":{"scrollX":0,"scrollY":1273.6363525390625,"documentHeight":3994,"viewportHeight":866}}
[2026-05-02T08:22:04.428Z] {"timestamp":1777710124362,"kind":"scroll","url":"http://localhost:3000/","viewport":{"width":1745,"height":866},"payload":{"scrollX":0,"scrollY":1637.272705078125,"documentHeight":3994,"viewportHeight":866}}
[2026-05-02T08:22:06.433Z] {"timestamp":1777710125114,"kind":"scroll","url":"http://localhost:3000/","viewport":{"width":1745,"height":866},"payload":{"scrollX":0,"scrollY":1910,"documentHeight":3994,"viewportHeight":866}}
[2026-05-02T08:22:06.433Z] {"timestamp":1777710125614,"kind":"scroll","url":"http://localhost:3000/","viewport":{"width":1745,"height":866},"payload":{"scrollX":0,"scrollY":2271.818115234375,"documentHeight":3994,"viewportHeight":866}}
[2026-05-02T08:22:06.433Z] {"timestamp":1777710126325,"kind":"scroll","url":"http://localhost:3000/","viewport":{"width":1745,"height":866},"payload":{"scrollX":0,"scrollY":2455.45458984375,"documentHeight":3994,"viewportHeight":866}}
[2026-05-02T08:22:08.425Z] {"timestamp":1777710127583,"kind":"scroll","url":"http://localhost:3000/","viewport":{"width":1745,"height":866},"payload":{"scrollX":0,"scrollY":2728.181640625,"documentHeight":3994,"viewportHeight":866}}
[2026-05-02T08:22:08.425Z] {"timestamp":1777710128160,"kind":"scroll","url":"http://localhost:3000/","viewport":{"width":1745,"height":866},"payload":{"scrollX":0,"scrollY":2908.181640625,"documentHeight":3994,"viewportHeight":866}}
[2026-05-02T08:22:14.425Z] {"timestamp":1777710133850,"kind":"scroll","url":"http://localhost:3000/","viewport":{"width":1745,"height":866},"payload":{"scrollX":0,"scrollY":2729.0908203125,"documentHeight":3994,"viewportHeight":866}}
[2026-05-02T08:22:16.424Z] {"timestamp":1777710135326,"kind":"scroll","url":"http://localhost:3000/","viewport":{"width":1745,"height":866},"payload":{"scrollX":0,"scrollY":2819.0908203125,"documentHeight":3994,"viewportHeight":866}}
[2026-05-02T08:22:18.426Z] {"timestamp":1777710136453,"kind":"scroll","url":"http://localhost:3000/","viewport":{"width":1745,"height":866},"payload":{"scrollX":0,"scrollY":3091.818115234375,"documentHeight":3994,"viewportHeight":866}}
[2026-05-02T08:22:18.426Z] {"timestamp":1777710138255,"kind":"scroll","url":"http://localhost:3000/","viewport":{"width":1745,"height":866},"payload":{"scrollX":0,"scrollY":3126.363525390625,"documentHeight":3994,"viewportHeight":866}}
[2026-05-02T08:22:20.427Z] {"timestamp":1777710138772,"kind":"scroll","url":"http://localhost:3000/","viewport":{"width":1745,"height":866},"payload":{"scrollX":0,"scrollY":2944.54541015625,"documentHeight":3994,"viewportHeight":866}}
[2026-05-02T08:22:20.427Z] {"timestamp":1777710139279,"kind":"scroll","url":"http://localhost:3000/","viewport":{"width":1745,"height":866},"payload":{"scrollX":0,"scrollY":2425.45458984375,"documentHeight":3994,"viewportHeight":866}}
[2026-05-02T08:22:20.427Z] {"timestamp":1777710139780,"kind":"scroll","url":"http://localhost:3000/","viewport":{"width":1745,"height":866},"payload":{"scrollX":0,"scrollY":1954.54541015625,"documentHeight":3994,"viewportHeight":866}}
[2026-05-02T08:22:22.424Z] {"timestamp":1777710140748,"kind":"scroll","url":"http://localhost:3000/","viewport":{"width":1745,"height":866},"payload":{"scrollX":0,"scrollY":1853.6363525390625,"documentHeight":3994,"viewportHeight":866}}
[2026-05-02T08:22:22.424Z] {"timestamp":1777710141248,"kind":"scroll","url":"http://localhost:3000/","viewport":{"width":1745,"height":866},"payload":{"scrollX":0,"scrollY":1350,"documentHeight":3994,"viewportHeight":866}}
[2026-05-02T08:22:22.424Z] {"timestamp":1777710141809,"kind":"scroll","url":"http://localhost:3000/","viewport":{"width":1745,"height":866},"payload":{"scrollX":0,"scrollY":580,"documentHeight":3994,"viewportHeight":866}}
[2026-05-02T08:22:22.424Z] {"timestamp":1777710142314,"kind":"scroll","url":"http://localhost:3000/","viewport":{"width":1745,"height":866},"payload":{"scrollX":0,"scrollY":20.909090042114258,"documentHeight":3994,"viewportHeight":866}}
[2026-05-02T08:22:24.432Z] {"timestamp":1777710142863,"kind":"scroll","url":"http://localhost:3000/","viewport":{"width":1745,"height":866},"payload":{"scrollX":0,"scrollY":0.9090908765792847,"documentHeight":3994,"viewportHeight":866}}
[2026-05-02T08:22:24.432Z] {"timestamp":1777710143466,"kind":"scroll","url":"http://localhost:3000/","viewport":{"width":1745,"height":866},"payload":{"scrollX":0,"scrollY":1092.727294921875,"documentHeight":3994,"viewportHeight":866}}
[2026-05-02T08:22:24.432Z] {"timestamp":1777710144298,"kind":"scroll","url":"http://localhost:3000/","viewport":{"width":1745,"height":866},"payload":{"scrollX":0,"scrollY":2273.63623046875,"documentHeight":3994,"viewportHeight":866}}
[2026-05-02T08:22:26.432Z] {"timestamp":1777710144946,"kind":"scroll","url":"http://localhost:3000/","viewport":{"width":1745,"height":866},"payload":{"scrollX":0,"scrollY":2819.0908203125,"documentHeight":3994,"viewportHeight":866}}
[2026-05-02T08:22:28.424Z] {"timestamp":1777710146464,"kind":"scroll","url":"http://localhost:3000/","viewport":{"width":1745,"height":866},"payload":{"scrollX":0,"scrollY":3125.45458984375,"documentHeight":3994,"viewportHeight":866}}
[2026-05-02T08:22:28.424Z] {"timestamp":1777710146972,"kind":"scroll","url":"http://localhost:3000/","viewport":{"width":1745,"height":866},"payload":{"scrollX":0,"scrollY":2722.727294921875,"documentHeight":3994,"viewportHeight":866}}
[2026-05-02T08:22:28.424Z] {"timestamp":1777710147599,"kind":"scroll","url":"http://localhost:3000/","viewport":{"width":1745,"height":866},"payload":{"scrollX":0,"scrollY":2035.4544677734375,"documentHeight":3994,"viewportHeight":866}}
[2026-05-02T08:22:28.424Z] {"timestamp":1777710148106,"kind":"scroll","url":"http://localhost:3000/","viewport":{"width":1745,"height":866},"payload":{"scrollX":0,"scrollY":1225.4544677734375,"documentHeight":3994,"viewportHeight":866}}
[2026-05-02T08:22:30.436Z] {"timestamp":1777710149201,"kind":"scroll","url":"http://localhost:3000/","viewport":{"width":1745,"height":866},"payload":{"scrollX":0,"scrollY":761.8181762695312,"documentHeight":3994,"viewportHeight":866}}
[2026-05-02T08:22:30.436Z] {"timestamp":1777710149708,"kind":"scroll","url":"http://localhost:3000/","viewport":{"width":1745,"height":866},"payload":{"scrollX":0,"scrollY":40.909088134765625,"documentHeight":3994,"viewportHeight":866}}
[2026-05-02T08:29:36.432Z] {"timestamp":1777710574665,"kind":"focusin","url":"http://localhost:3000/","viewport":{"width":1745,"height":866},"payload":{"target":{"tag":"button","id":null,"name":null,"type":null,"role":null,"ariaLabel":null,"testId":null,"dataLoc":"client\\src\\pages\\Home.tsx:129","href":null,"text":"View Our Work","selectorHint":"[data-loc=\"client\\src\\pages\\Home.tsx:129\"]"}}}
[2026-05-02T08:29:36.432Z] {"timestamp":1777710574773,"kind":"click","url":"http://localhost:3000/","viewport":{"width":1745,"height":866},"payload":{"target":{"tag":"button","id":null,"name":null,"type":null,"role":null,"ariaLabel":null,"testId":null,"dataLoc":"client\\src\\pages\\Home.tsx:129","href":null,"text":"View Our Work","selectorHint":"[data-loc=\"client\\src\\pages\\Home.tsx:129\"]"},"x":610,"y":625}}
[2026-05-02T08:29:46.427Z] {"timestamp":1777710585978,"kind":"focusout","url":"http://localhost:3000/","viewport":{"width":1745,"height":866},"payload":{"target":{"tag":"button","id":null,"name":null,"type":null,"role":null,"ariaLabel":null,"testId":null,"dataLoc":"client\\src\\pages\\Home.tsx:129","href":null,"text":"View Our Work","selectorHint":"[data-loc=\"client\\src\\pages\\Home.tsx:129\"]"},"value":null}}
[2026-05-02T08:29:50.431Z] {"timestamp":1777710589847,"kind":"focusin","url":"http://localhost:3000/","viewport":{"width":1745,"height":866},"payload":{"target":{"tag":"button","id":null,"name":null,"type":null,"role":null,"ariaLabel":null,"testId":null,"dataLoc":"client\\src\\pages\\Home.tsx:129","href":null,"text":"View Our Work","selectorHint":"[data-loc=\"client\\src\\pages\\Home.tsx:129\"]"}}}
[2026-05-02T08:29:52.425Z] {"timestamp":1777710591368,"kind":"focusout","url":"http://localhost:3000/","viewport":{"width":1745,"height":866},"payload":{"target":{"tag":"button","id":null,"name":null,"type":null,"role":null,"ariaLabel":null,"testId":null,"dataLoc":"client\\src\\pages\\Home.tsx:129","href":null,"text":"View Our Work","selectorHint":"[data-loc=\"client\\src\\pages\\Home.tsx:129\"]"},"value":null}}
[2026-05-02T08:30:00.428Z] {"timestamp":1777710598452,"kind":"focusin","url":"http://localhost:3000/","viewport":{"width":1745,"height":866},"payload":{"target":{"tag":"button","id":null,"name":null,"type":null,"role":null,"ariaLabel":null,"testId":null,"dataLoc":"client\\src\\pages\\Home.tsx:129","href":null,"text":"View Our Work","selectorHint":"[data-loc=\"client\\src\\pages\\Home.tsx:129\"]"}}}
[2026-05-02T08:30:00.428Z] {"timestamp":1777710598455,"kind":"focusout","url":"http://localhost:3000/","viewport":{"width":1745,"height":866},"payload":{"target":{"tag":"button","id":null,"name":null,"type":null,"role":null,"ariaLabel":null,"testId":null,"dataLoc":"client\\src\\pages\\Home.tsx:129","href":null,"text":"View Our Work","selectorHint":"[data-loc=\"client\\src\\pages\\Home.tsx:129\"]"},"value":null}}
[2026-05-02T08:30:00.428Z] {"timestamp":1777710598532,"kind":"click","url":"http://localhost:3000/","viewport":{"width":1745,"height":866},"payload":{"target":{"tag":"div","id":null,"name":null,"type":null,"role":null,"ariaLabel":null,"testId":null,"dataLoc":"client\\src\\pages\\Home.tsx:117","href":null,"text":"","selectorHint":"[data-loc=\"client\\src\\pages\\Home.tsx:117\"]"},"x":1358,"y":292}}
[2026-05-02T08:36:41.874Z] {"timestamp":1777710999883,"kind":"scroll","url":"http://localhost:3000/","viewport":{"width":1745,"height":866},"payload":{"scrollX":0,"scrollY":0.9090908765792847,"documentHeight":3994,"viewportHeight":866}}
[2026-05-02T08:36:41.874Z] {"timestamp":1777711000442,"kind":"scroll","url":"http://localhost:3000/","viewport":{"width":1745,"height":866},"payload":{"scrollX":0,"scrollY":455.45452880859375,"documentHeight":3994,"viewportHeight":866}}
[2026-05-02T08:36:41.874Z] {"timestamp":1777711000942,"kind":"scroll","url":"http://localhost:3000/","viewport":{"width":1745,"height":866},"payload":{"scrollX":0,"scrollY":1362.727294921875,"documentHeight":3994,"viewportHeight":866}}
[2026-05-02T08:36:41.874Z] {"timestamp":1777711001442,"kind":"scroll","url":"http://localhost:3000/","viewport":{"width":1745,"height":866},"payload":{"scrollX":0,"scrollY":879.0908813476562,"documentHeight":3994,"viewportHeight":866}}
[2026-05-02T08:36:45.881Z] {"timestamp":1777711004863,"kind":"scroll","url":"http://localhost:3000/","viewport":{"width":1745,"height":866},"payload":{"scrollX":0,"scrollY":635.4545288085938,"documentHeight":3994,"viewportHeight":866}}
[2026-05-02T08:36:45.881Z] {"timestamp":1777711005547,"kind":"scroll","url":"http://localhost:3000/","viewport":{"width":1745,"height":866},"payload":{"scrollX":0,"scrollY":270.9090881347656,"documentHeight":3994,"viewportHeight":866}}
